<?xml version="1.0" encoding="UTF-8"?>
<testsuite xmlns:xsi="http://www.w3.org/2001/XMLSchema-instance" xsi:noNamespaceSchemaLocation="https://maven.apache.org/surefire/maven-surefire-plugin/xsd/surefire-test-report-3.0.xsd" version="3.0" name="com.minesweeper.ncs.MinesweeperTest" time="0.672" tests="8" errors="0" skipped="0" failures="0">
  <properties>
[...]
</properties>
  <testcase name="testDisplayBoard" classname="com.minesweeper.ncs.MinesweeperTest" time="0.038">
    <system-out><![CDATA[  1 2 3 4 5 
A _ _ _ _ _ 
B _ _ _ _ _ 
C _ _ _ _ _ 
D _ _ _ _ _ 
E _ _ _ _ _ 
]]></system-out>
  </testcase>
  <testcase name="testGetCellInput" classname="com.minesweeper.ncs.MinesweeperTest" time="0.017">
    <system-out><![CDATA[
Select a square to reveal (e.g. A1):]]></system-out>
  </testcase>
  <testcase name="testPlayGameLoop" classname="com.minesweeper.ncs.MinesweeperTest" time="0.574">
    <system-out><![CDATA[
Here is your minefield:
  1 2 3 4 
A _ _ _ _ 
B _ _ _ _ 
C _ _ _ _ 
D _ _ _ _ 

Select a square to reveal (e.g. A1):
Here is your updated minefield:
Congratulations! You have won the game!
Press any key to play again...
]]></system-out>
  </testcase>
  <testcase name="testRevealEmptyCell" classname="com.minesweeper.ncs.MinesweeperTest" time="0.002"/>
  <testcase name="testBoardInitialization" classname="com.minesweeper.ncs.MinesweeperTest" time="0.003"/>
  <testcase name="testGetNumberOfMines" classname="com.minesweeper.ncs.MinesweeperTest" time="0.003">
    <system-out><![CDATA[Enter the number of mines to place on the grid (maximum is 35% of the total squares): 
]]></system-out>
  </testcase>
  <testcase name="testGetGridSize" classname="com.minesweeper.ncs.MinesweeperTest" time="0.003">
    <system-out><![CDATA[Enter the size of the grid (e.g. 4 for a 4x4 grid):
]]></system-out>
  </testcase>
  <testcase name="testRevealMineCell" classname="com.minesweeper.ncs.MinesweeperTest" time="0.002"/>
</testsuite>